<?xml version="1.0" encoding="UTF-8"?>
<testng-results skipped="0" failed="0" ignored="0" total="3" passed="3">
  <reporter-output>
  </reporter-output>
  <suite name="Default suite" duration-ms="178" started-at="2021-07-09T17:07:16Z" finished-at="2021-07-09T17:07:16Z">
    <groups>
    </groups>
    <test name="Default test" duration-ms="178" started-at="2021-07-09T17:07:16Z" finished-at="2021-07-09T17:07:16Z">
      <class name="testngg.Dependencies">
        <test-method status="PASS" signature="first()[pri:0, instance:testngg.Dependencies@100fc185]" name="first" duration-ms="30" started-at="2021-07-09T17:07:16Z" finished-at="2021-07-09T17:07:16Z">
          <reporter-output>
          </reporter-output>
        </test-method> <!-- first -->
        <test-method status="PASS" signature="third()[pri:0, instance:testngg.Dependencies@100fc185]" name="third" duration-ms="7" started-at="2021-07-09T17:07:16Z" finished-at="2021-07-09T17:07:16Z">
          <reporter-output>
          </reporter-output>
        </test-method> <!-- third -->
        <test-method status="PASS" signature="second()[pri:0, instance:testngg.Dependencies@100fc185]" name="second" duration-ms="2" started-at="2021-07-09T17:07:16Z" depends-on-methods="testngg.Dependencies.first" finished-at="2021-07-09T17:07:16Z">
          <reporter-output>
          </reporter-output>
        </test-method> <!-- second -->
      </class> <!-- testngg.Dependencies -->
    </test> <!-- Default test -->
  </suite> <!-- Default suite -->
</testng-results>
