<?xml version="1.0" encoding="UTF-8"?>
<!-- Generated by org.testng.reporters.JUnitXMLReporter -->
<testsuite hostname="DESKTOP-63NVIE5" ignored="0" name="Default test" tests="3" failures="0" timestamp="09 Jul 2021 17:07:16 GMT" time="0.178" errors="0">
  <testcase name="first" time="0.03" classname="testngg.Dependencies"/>
  <testcase name="third" time="0.007" classname="testngg.Dependencies"/>
  <testcase name="second" time="0.002" classname="testngg.Dependencies"/>
</testsuite> <!-- Default test -->
